0 info it worked if it ends with ok
1 verbose cli [ 'E:\\Install\\NodeJs\\node.exe',
1 verbose cli   'E:\\Install\\NodeJs\\node_modules\\npm\\bin\\npm-cli.js',
1 verbose cli   'run-script',
1 verbose cli   'debug' ]
2 info using npm@3.10.10
3 info using node@v6.11.0
4 verbose run-script [ 'predebug', 'debug', 'postdebug' ]
5 info lifecycle ecosystem@1.0.0~predebug: ecosystem@1.0.0
6 silly lifecycle ecosystem@1.0.0~predebug: no script for predebug, continuing
7 info lifecycle ecosystem@1.0.0~debug: ecosystem@1.0.0
8 verbose lifecycle ecosystem@1.0.0~debug: unsafe-perm in lifecycle true
9 verbose lifecycle ecosystem@1.0.0~debug: PATH: E:\Install\NodeJs\node_modules\npm\bin\node-gyp-bin;D:\Users\pasca\Documents\Programmation\Js\NodeJs\Phaser\Ecosystem\node_modules\.bin;C:\ProgramData\Oracle\Java\javapath;C:\WINDOWS\system32;C:\WINDOWS;C:\WINDOWS\System32\Wbem;C:\WINDOWS\System32\WindowsPowerShell\v1.0\;C:\Program Files (x86)\Skype\Phone\;C:\Program Files\Microsoft SQL Server\130\Tools\Binn\;E:\Install\NodeJs\;C:\Program Files (x86)\Git\cmd;D:\install\Pyhon\Scripts\;D:\install\Pyhon\;D:\Users\pasca\AppData\Local\Programs\Python\Launcher\;D:\install\Microsoft VS Code\bin;D:\Users\pasca\AppData\Local\Microsoft\WindowsApps;D:\Users\pasca\AppData\Roaming\npm;
10 verbose lifecycle ecosystem@1.0.0~debug: CWD: D:\Users\pasca\Documents\Programmation\Js\NodeJs\Phaser\Ecosystem
11 silly lifecycle ecosystem@1.0.0~debug: Args: [ '/d /s /c', 'node Templates/grid.js' ]
12 silly lifecycle ecosystem@1.0.0~debug: Returned: code: 1  signal: null
13 info lifecycle ecosystem@1.0.0~debug: Failed to exec debug script
14 verbose stack Error: ecosystem@1.0.0 debug: `node Templates/grid.js`
14 verbose stack Exit status 1
14 verbose stack     at EventEmitter.<anonymous> (E:\Install\NodeJs\node_modules\npm\lib\utils\lifecycle.js:255:16)
14 verbose stack     at emitTwo (events.js:106:13)
14 verbose stack     at EventEmitter.emit (events.js:191:7)
14 verbose stack     at ChildProcess.<anonymous> (E:\Install\NodeJs\node_modules\npm\lib\utils\spawn.js:40:14)
14 verbose stack     at emitTwo (events.js:106:13)
14 verbose stack     at ChildProcess.emit (events.js:191:7)
14 verbose stack     at maybeClose (internal/child_process.js:891:16)
14 verbose stack     at Process.ChildProcess._handle.onexit (internal/child_process.js:226:5)
15 verbose pkgid ecosystem@1.0.0
16 verbose cwd D:\Users\pasca\Documents\Programmation\Js\NodeJs\Phaser\Ecosystem
17 error Windows_NT 10.0.16251
18 error argv "E:\\Install\\NodeJs\\node.exe" "E:\\Install\\NodeJs\\node_modules\\npm\\bin\\npm-cli.js" "run-script" "debug"
19 error node v6.11.0
20 error npm  v3.10.10
21 error code ELIFECYCLE
22 error ecosystem@1.0.0 debug: `node Templates/grid.js`
22 error Exit status 1
23 error Failed at the ecosystem@1.0.0 debug script 'node Templates/grid.js'.
23 error Make sure you have the latest version of node.js and npm installed.
23 error If you do, this is most likely a problem with the ecosystem package,
23 error not with npm itself.
23 error Tell the author that this fails on your system:
23 error     node Templates/grid.js
23 error You can get information on how to open an issue for this project with:
23 error     npm bugs ecosystem
23 error Or if that isn't available, you can get their info via:
23 error     npm owner ls ecosystem
23 error There is likely additional logging output above.
24 verbose exit [ 1, true ]
